# JRE version: Java(TM) SE Runtime Environment (7.0_51-b13) (build 1.7.0_51-b13)
# Java VM: Java HotSpot(TM) Client VM (24.51-b03 mixed mode linux-x86 )
Heap
 def new generation   total 4800K, used 596K [0xa1980000, 0xa1eb0000, 0xa6d80000)
  eden space 4288K,   1% used [0xa1980000, 0xa19951f8, 0xa1db0000)
  from space 512K, 100% used [0xa1e30000, 0xa1eb0000, 0xa1eb0000)
  to   space 512K,   0% used [0xa1db0000, 0xa1db0000, 0xa1e30000)
 tenured generation   total 10752K, used 3326K [0xa6d80000, 0xa7800000, 0xb1580000)
   the space 10752K,  30% used [0xa6d80000, 0xa70bf9c0, 0xa70bfa00, 0xa7800000)
 compacting perm gen  total 12288K, used 5389K [0xb1580000, 0xb2180000, 0xb5580000)
   the space 12288K,  43% used [0xb1580000, 0xb1ac3610, 0xb1ac3800, 0xb2180000)
GC Heap History (10 events):
Event: 0.613 GC heap before
{Heap before GC invocations=4 (full 0):
 def new generation   total 4800K, used 4723K [0xa1980000, 0xa1eb0000, 0xa6d80000)
  eden space 4288K, 100% used [0xa1980000, 0xa1db0000, 0xa1db0000)
  from space 512K,  84% used [0xa1db0000, 0xa1e1cc90, 0xa1e30000)
  to   space 512K,   0% used [0xa1e30000, 0xa1e30000, 0xa1eb0000)
 tenured generation   total 10752K, used 1828K [0xa6d80000, 0xa7800000, 0xb1580000)
   the space 10752K,  17% used [0xa6d80000, 0xa6f49040, 0xa6f49200, 0xa7800000)
 compacting perm gen  total 12288K, used 4222K [0xb1580000, 0xb2180000, 0xb5580000)
   the space 12288K,  34% used [0xb1580000, 0xb199fbe8, 0xb199fc00, 0xb2180000)
No shared spaces configured.
Event: 0.615 GC heap after
Heap after GC invocations=5 (full 0):
 def new generation   total 4800K, used 341K [0xa1980000, 0xa1eb0000, 0xa6d80000)
  eden space 4288K,   0% used [0xa1980000, 0xa1980000, 0xa1db0000)
  from space 512K,  66% used [0xa1e30000, 0xa1e85538, 0xa1eb0000)
  to   space 512K,   0% used [0xa1db0000, 0xa1db0000, 0xa1e30000)
 tenured generation   total 10752K, used 1954K [0xa6d80000, 0xa7800000, 0xb1580000)
   the space 10752K,  18% used [0xa6d80000, 0xa6f68978, 0xa6f68a00, 0xa7800000)
 compacting perm gen  total 12288K, used 4222K [0xb1580000, 0xb2180000, 0xb5580000)
   the space 12288K,  34% used [0xb1580000, 0xb199fbe8, 0xb199fc00, 0xb2180000)
No shared spaces configured.
}
Event: 0.684 GC heap before
{Heap before GC invocations=5 (full 0):
 def new generation   total 4800K, used 4629K [0xa1980000, 0xa1eb0000, 0xa6d80000)
  eden space 4288K, 100% used [0xa1980000, 0xa1db0000, 0xa1db0000)
  from space 512K,  66% used [0xa1e30000, 0xa1e85538, 0xa1eb0000)
  to   space 512K,   0% used [0xa1db0000, 0xa1db0000, 0xa1e30000)
 tenured generation   total 10752K, used 1954K [0xa6d80000, 0xa7800000, 0xb1580000)
   the space 10752K,  18% used [0xa6d80000, 0xa6f68978, 0xa6f68a00, 0xa7800000)
 compacting perm gen  total 12288K, used 4334K [0xb1580000, 0xb2180000, 0xb5580000)
   the space 12288K,  35% used [0xb1580000, 0xb19bb8e8, 0xb19bba00, 0xb2180000)
No shared spaces configured.
Event: 0.686 GC heap after
Heap after GC invocations=6 (full 0):
 def new generation   total 4800K, used 343K [0xa1980000, 0xa1eb0000, 0xa6d80000)
  eden space 4288K,   0% used [0xa1980000, 0xa1980000, 0xa1db0000)
  from space 512K,  67% used [0xa1db0000, 0xa1e05f38, 0xa1e30000)
  to   space 512K,   0% used [0xa1e30000, 0xa1e30000, 0xa1eb0000)
 tenured generation   total 10752K, used 2055K [0xa6d80000, 0xa7800000, 0xb1580000)
   the space 10752K,  19% used [0xa6d80000, 0xa6f81ea8, 0xa6f82000, 0xa7800000)
 compacting perm gen  total 12288K, used 4334K [0xb1580000, 0xb2180000, 0xb5580000)
   the space 12288K,  35% used [0xb1580000, 0xb19bb8e8, 0xb19bba00, 0xb2180000)
No shared spaces configured.
}
Event: 0.814 GC heap before
{Heap before GC invocations=6 (full 0):
 def new generation   total 4800K, used 4631K [0xa1980000, 0xa1eb0000, 0xa6d80000)
  eden space 4288K, 100% used [0xa1980000, 0xa1db0000, 0xa1db0000)
  from space 512K,  67% used [0xa1db0000, 0xa1e05f38, 0xa1e30000)
  to   space 512K,   0% used [0xa1e30000, 0xa1e30000, 0xa1eb0000)
 tenured generation   total 10752K, used 2055K [0xa6d80000, 0xa7800000, 0xb1580000)
   the space 10752K,  19% used [0xa6d80000, 0xa6f81ea8, 0xa6f82000, 0xa7800000)
 compacting perm gen  total 12288K, used 4637K [0xb1580000, 0xb2180000, 0xb5580000)
   the space 12288K,  37% used [0xb1580000, 0xb1a076d8, 0xb1a07800, 0xb2180000)
No shared spaces configured.
Event: 0.817 GC heap after
Heap after GC invocations=7 (full 0):
 def new generation   total 4800K, used 511K [0xa1980000, 0xa1eb0000, 0xa6d80000)
  eden space 4288K,   0% used [0xa1980000, 0xa1980000, 0xa1db0000)
  from space 512K,  99% used [0xa1e30000, 0xa1eafff8, 0xa1eb0000)
  to   space 512K,   0% used [0xa1db0000, 0xa1db0000, 0xa1e30000)
 tenured generation   total 10752K, used 2440K [0xa6d80000, 0xa7800000, 0xb1580000)
   the space 10752K,  22% used [0xa6d80000, 0xa6fe2188, 0xa6fe2200, 0xa7800000)
 compacting perm gen  total 12288K, used 4637K [0xb1580000, 0xb2180000, 0xb5580000)
   the space 12288K,  37% used [0xb1580000, 0xb1a076d8, 0xb1a07800, 0xb2180000)
No shared spaces configured.
}
Event: 0.924 GC heap before
{Heap before GC invocations=7 (full 0):
 def new generation   total 4800K, used 4799K [0xa1980000, 0xa1eb0000, 0xa6d80000)
  eden space 4288K, 100% used [0xa1980000, 0xa1db0000, 0xa1db0000)
  from space 512K,  99% used [0xa1e30000, 0xa1eafff8, 0xa1eb0000)
  to   space 512K,   0% used [0xa1db0000, 0xa1db0000, 0xa1e30000)
 tenured generation   total 10752K, used 2440K [0xa6d80000, 0xa7800000, 0xb1580000)
   the space 10752K,  22% used [0xa6d80000, 0xa6fe2188, 0xa6fe2200, 0xa7800000)
 compacting perm gen  total 12288K, used 4944K [0xb1580000, 0xb2180000, 0xb5580000)
   the space 12288K,  40% used [0xb1580000, 0xb1a54190, 0xb1a54200, 0xb2180000)
No shared spaces configured.
Event: 0.927 GC heap after
Heap after GC invocations=8 (full 0):
 def new generation   total 4800K, used 512K [0xa1980000, 0xa1eb0000, 0xa6d80000)
  eden space 4288K,   0% used [0xa1980000, 0xa1980000, 0xa1db0000)
  from space 512K, 100% used [0xa1db0000, 0xa1e30000, 0xa1e30000)
  to   space 512K,   0% used [0xa1e30000, 0xa1e30000, 0xa1eb0000)
 tenured generation   total 10752K, used 2930K [0xa6d80000, 0xa7800000, 0xb1580000)
   the space 10752K,  27% used [0xa6d80000, 0xa705c868, 0xa705ca00, 0xa7800000)
 compacting perm gen  total 12288K, used 4944K [0xb1580000, 0xb2180000, 0xb5580000)
   the space 12288K,  40% used [0xb1580000, 0xb1a54190, 0xb1a54200, 0xb2180000)
No shared spaces configured.
}
Event: 1.025 GC heap before
{Heap before GC invocations=8 (full 0):
 def new generation   total 4800K, used 4800K [0xa1980000, 0xa1eb0000, 0xa6d80000)
  eden space 4288K, 100% used [0xa1980000, 0xa1db0000, 0xa1db0000)
  from space 512K, 100% used [0xa1db0000, 0xa1e30000, 0xa1e30000)
  to   space 512K,   0% used [0xa1e30000, 0xa1e30000, 0xa1eb0000)
 tenured generation   total 10752K, used 2930K [0xa6d80000, 0xa7800000, 0xb1580000)
   the space 10752K,  27% used [0xa6d80000, 0xa705c868, 0xa705ca00, 0xa7800000)
 compacting perm gen  total 12288K, used 5388K [0xb1580000, 0xb2180000, 0xb5580000)
   the space 12288K,  43% used [0xb1580000, 0xb1ac3040, 0xb1ac3200, 0xb2180000)
No shared spaces configured.
Event: 1.030 GC heap after
Heap after GC invocations=9 (full 0):
 def new generation   total 4800K, used 512K [0xa1980000, 0xa1eb0000, 0xa6d80000)
  eden space 4288K,   0% used [0xa1980000, 0xa1980000, 0xa1db0000)
  from space 512K, 100% used [0xa1e30000, 0xa1eb0000, 0xa1eb0000)
  to   space 512K,   0% used [0xa1db0000, 0xa1db0000, 0xa1e30000)
 tenured generation   total 10752K, used 3326K [0xa6d80000, 0xa7800000, 0xb1580000)
   the space 10752K,  30% used [0xa6d80000, 0xa70bf9c0, 0xa70bfa00, 0xa7800000)
 compacting perm gen  total 12288K, used 5388K [0xb1580000, 0xb2180000, 0xb5580000)
   the space 12288K,  43% used [0xb1580000, 0xb1ac3040, 0xb1ac3200, 0xb2180000)
No shared spaces configured.
}

